<?xml version="1.0" encoding="UTF-8"?>
<testsuite name="contract.transferables.AccountTransferableTest" tests="5" skipped="0" failures="0" errors="0" timestamp="2020-03-30T20:15:53" hostname="jonas" time="0.002">
  <properties/>
  <testcase name="getAndSetBalance" classname="contract.transferables.AccountTransferableTest" time="0.0"/>
  <testcase name="getAndSetBankCvr" classname="contract.transferables.AccountTransferableTest" time="0.0"/>
  <testcase name="getAndSetCustomerCpr" classname="contract.transferables.AccountTransferableTest" time="0.0"/>
  <testcase name="getAndSetTransactions" classname="contract.transferables.AccountTransferableTest" time="0.0"/>
  <testcase name="getAndSetNumber" classname="contract.transferables.AccountTransferableTest" time="0.0"/>
  <system-out><![CDATA[]]></system-out>
  <system-err><![CDATA[]]></system-err>
</testsuite>
